-------------------------------------------------------------------------------
Test set: com.translator.LanguageTranslatorApplicationTests
-------------------------------------------------------------------------------
Tests run: 1, Failures: 0, Errors: 1, Skipped: 0, Time elapsed: 4.028 s <<< FAILURE! - in com.translator.LanguageTranslatorApplicationTests
contextLoads  Time elapsed: 0.004 s  <<< ERROR!
java.lang.IllegalStateException: Failed to load ApplicationContext
Caused by: org.springframework.beans.factory.BeanCreationException: 
Error creating bean with name 'requestMappingHandlerMapping' defined in class path resource [org/springframework/boot/autoconfigure/web/servlet/WebMvcAutoConfiguration$EnableWebMvcConfiguration.class]: Invocation of init method failed; nested exception is java.lang.IllegalStateException: Ambiguous mapping. Cannot map 'translatorController' method 
com.translator.controller.TranslatorController#registerUser(User, Model)
to {POST [/register]}: There is already 'translatorController' bean method
com.translator.controller.TranslatorController#registerUser(User) mapped.
Caused by: java.lang.IllegalStateException: 
Ambiguous mapping. Cannot map 'translatorController' method 
com.translator.controller.TranslatorController#registerUser(User, Model)
to {POST [/register]}: There is already 'translatorController' bean method
com.translator.controller.TranslatorController#registerUser(User) mapped.

